<?xml version="1.0" encoding="UTF-8"?>
<!-- Generated by org.testng.reporters.JUnitXMLReporter -->
<testsuite ignored="1" hostname="DESKTOP-IT1SSOU" failures="0" tests="2" name="chromeTest1" time="69.171" errors="0" timestamp="2022-09-28T13:07:46 IST">
  <testcase classname="Test.TestNGMessenger" name="VerifyMessenger" time="17.143"/>
  <testcase classname="Test.TestNGTest1" name="VerifyMessageButtonActivity" time="0.612"/>
  <testcase classname="Test.TestNGTest1" name="VerifyUnfrienButtonActivity" time="0.0">
    <ignored/>
  </testcase> <!-- VerifyUnfrienButtonActivity -->
</testsuite> <!-- chromeTest1 -->
