<?xml version="1.0" encoding="UTF-8"?>
<!-- Generated by org.testng.reporters.JUnitXMLReporter -->
<testsuite ignored="0" hostname="DESKTOP-IT1SSOU" failures="0" tests="3" name="EdgeTest1" time="100.979" errors="0" timestamp="2022-09-28T13:08:18 IST">
  <testcase classname="Test.TestNGMessenger" name="VerifyMessenger" time="15.935"/>
  <testcase classname="Test.TestNGTest1" name="VerifyMessageButtonActivity" time="0.633"/>
  <testcase classname="Test.TestNGTest1" name="VerifyUnfrienButtonActivity" time="0.541"/>
</testsuite> <!-- EdgeTest1 -->
