<?xml version="1.0" encoding="UTF-8"?>
<testng-results ignored="1" total="6" passed="5" failed="0" skipped="0">
  <reporter-output>
  </reporter-output>
  <suite started-at="2022-09-28T13:06:37 IST" name="Suite5731" finished-at="2022-09-28T13:08:18 IST" duration-ms="100979">
    <groups>
    </groups>
    <test started-at="2022-09-28T13:06:37 IST" name="chromeTest1" finished-at="2022-09-28T13:07:46 IST" duration-ms="69171">
      <class name="Test.TestNGMessenger">
        <test-method is-config="true" signature="LaunchFacebookApp(java.lang.String)[pri:0, instance:Test.TestNGMessenger@515aebb0]" started-at="2022-09-28T13:06:37 IST" name="LaunchFacebookApp" finished-at="2022-09-28T13:06:38 IST" duration-ms="1434" status="PASS">
          <params>
            <param index="0">
              <value>
                <![CDATA[Chrome]]>
              </value>
            </param>
          </params>
          <reporter-output>
          </reporter-output>
        </test-method> <!-- LaunchFacebookApp -->
        <test-method is-config="true" signature="CreatePOMObjectsFB()[pri:0, instance:Test.TestNGMessenger@515aebb0]" started-at="2022-09-28T13:06:39 IST" name="CreatePOMObjectsFB" finished-at="2022-09-28T13:06:39 IST" duration-ms="38" status="PASS">
          <reporter-output>
          </reporter-output>
        </test-method> <!-- CreatePOMObjectsFB -->
        <test-method is-config="true" signature="OpenFacebookWindow()[pri:0, instance:Test.TestNGMessenger@515aebb0]" started-at="2022-09-28T13:06:39 IST" name="OpenFacebookWindow" finished-at="2022-09-28T13:06:52 IST" duration-ms="12443" status="PASS">
          <reporter-output>
          </reporter-output>
        </test-method> <!-- OpenFacebookWindow -->
        <test-method signature="VerifyMessenger()[pri:0, instance:Test.TestNGMessenger@515aebb0]" started-at="2022-09-28T13:06:52 IST" name="VerifyMessenger" finished-at="2022-09-28T13:07:09 IST" duration-ms="17143" status="PASS">
          <reporter-output>
          </reporter-output>
        </test-method> <!-- VerifyMessenger -->
        <test-method is-config="true" signature="LogoutFromcurrentAcc(org.testng.ITestResult)[pri:0, instance:Test.TestNGMessenger@515aebb0]" started-at="2022-09-28T13:07:09 IST" name="LogoutFromcurrentAcc" finished-at="2022-09-28T13:07:12 IST" duration-ms="3165" status="PASS">
          <params>
            <param index="0">
              <value>
                <![CDATA[[TestResult name=VerifyMessenger status=SUCCESS method=TestNGMessenger.VerifyMessenger()[pri:0, instance:Test.TestNGMessenger@515aebb0] output={null}]]]>
              </value>
            </param>
          </params>
          <reporter-output>
          </reporter-output>
        </test-method> <!-- LogoutFromcurrentAcc -->
        <test-method is-config="true" signature="removePOMObjectsFB()[pri:0, instance:Test.TestNGMessenger@515aebb0]" started-at="2022-09-28T13:07:12 IST" name="removePOMObjectsFB" finished-at="2022-09-28T13:07:12 IST" duration-ms="0" status="PASS">
          <reporter-output>
          </reporter-output>
        </test-method> <!-- removePOMObjectsFB -->
        <test-method is-config="true" signature="ExitFromBrowser()[pri:0, instance:Test.TestNGMessenger@515aebb0]" started-at="2022-09-28T13:07:43 IST" name="ExitFromBrowser" finished-at="2022-09-28T13:07:46 IST" duration-ms="2493" status="PASS">
          <reporter-output>
          </reporter-output>
        </test-method> <!-- ExitFromBrowser -->
      </class> <!-- Test.TestNGMessenger -->
      <class name="Test.TestNGTest1">
        <test-method is-config="true" signature="LaunchBrowser(java.lang.String)[pri:0, instance:Test.TestNGTest1@595b007d]" started-at="2022-09-28T13:06:38 IST" name="LaunchBrowser" finished-at="2022-09-28T13:06:39 IST" duration-ms="788" status="PASS">
          <params>
            <param index="0">
              <value>
                <![CDATA[Chrome]]>
              </value>
            </param>
          </params>
          <reporter-output>
          </reporter-output>
        </test-method> <!-- LaunchBrowser -->
        <test-method is-config="true" signature="CreatePOMObjects()[pri:0, instance:Test.TestNGTest1@595b007d]" started-at="2022-09-28T13:07:12 IST" name="CreatePOMObjects" finished-at="2022-09-28T13:07:12 IST" duration-ms="3" status="PASS">
          <reporter-output>
          </reporter-output>
        </test-method> <!-- CreatePOMObjects -->
        <test-method is-config="true" signature="EnterInFacebook()[pri:0, instance:Test.TestNGTest1@595b007d]" started-at="2022-09-28T13:07:12 IST" name="EnterInFacebook" finished-at="2022-09-28T13:07:41 IST" duration-ms="29388" status="PASS">
          <reporter-output>
          </reporter-output>
        </test-method> <!-- EnterInFacebook -->
        <test-method signature="VerifyMessageButtonActivity()[pri:0, instance:Test.TestNGTest1@595b007d]" started-at="2022-09-28T13:07:41 IST" name="VerifyMessageButtonActivity" finished-at="2022-09-28T13:07:42 IST" duration-ms="612" status="PASS">
          <reporter-output>
          </reporter-output>
        </test-method> <!-- VerifyMessageButtonActivity -->
        <test-method is-config="true" signature="LogoutFromAcc(org.testng.ITestResult)[pri:0, instance:Test.TestNGTest1@595b007d]" started-at="2022-09-28T13:07:42 IST" name="LogoutFromAcc" finished-at="2022-09-28T13:07:43 IST" duration-ms="1382" status="PASS">
          <params>
            <param index="0">
              <value>
                <![CDATA[[TestResult name=VerifyMessageButtonActivity status=SUCCESS method=TestNGTest1.VerifyMessageButtonActivity()[pri:0, instance:Test.TestNGTest1@595b007d] output={null}]]]>
              </value>
            </param>
          </params>
          <reporter-output>
          </reporter-output>
        </test-method> <!-- LogoutFromAcc -->
        <test-method is-config="true" signature="removePOMObjects()[pri:0, instance:Test.TestNGTest1@595b007d]" started-at="2022-09-28T13:07:43 IST" name="removePOMObjects" finished-at="2022-09-28T13:07:43 IST" duration-ms="0" status="PASS">
          <reporter-output>
          </reporter-output>
        </test-method> <!-- removePOMObjects -->
        <test-method is-config="true" signature="ExitFromBrowser()[pri:0, instance:Test.TestNGTest1@595b007d]" started-at="2022-09-28T13:07:46 IST" name="ExitFromBrowser" finished-at="2022-09-28T13:07:46 IST" duration-ms="242" status="PASS">
          <reporter-output>
          </reporter-output>
        </test-method> <!-- ExitFromBrowser -->
      </class> <!-- Test.TestNGTest1 -->
    </test> <!-- chromeTest1 -->
    <test started-at="2022-09-28T13:06:37 IST" name="EdgeTest1" finished-at="2022-09-28T13:08:18 IST" duration-ms="100979">
      <class name="Test.TestNGMessenger">
        <test-method is-config="true" signature="beforesuit2()[pri:0, instance:Test.TestNGMessenger@35d019a3]" started-at="2022-09-28T13:06:37 IST" name="beforesuit2" finished-at="2022-09-28T13:06:37 IST" duration-ms="8" status="PASS">
          <reporter-output>
          </reporter-output>
        </test-method> <!-- beforesuit2 -->
        <test-method is-config="true" signature="LaunchFacebookApp(java.lang.String)[pri:0, instance:Test.TestNGMessenger@35d019a3]" started-at="2022-09-28T13:06:37 IST" name="LaunchFacebookApp" finished-at="2022-09-28T13:06:40 IST" duration-ms="3344" status="PASS">
          <params>
            <param index="0">
              <value>
                <![CDATA[Edge]]>
              </value>
            </param>
          </params>
          <reporter-output>
          </reporter-output>
        </test-method> <!-- LaunchFacebookApp -->
        <test-method is-config="true" signature="CreatePOMObjectsFB()[pri:0, instance:Test.TestNGMessenger@35d019a3]" started-at="2022-09-28T13:06:43 IST" name="CreatePOMObjectsFB" finished-at="2022-09-28T13:06:43 IST" duration-ms="2" status="PASS">
          <reporter-output>
          </reporter-output>
        </test-method> <!-- CreatePOMObjectsFB -->
        <test-method is-config="true" signature="OpenFacebookWindow()[pri:0, instance:Test.TestNGMessenger@35d019a3]" started-at="2022-09-28T13:06:43 IST" name="OpenFacebookWindow" finished-at="2022-09-28T13:06:54 IST" duration-ms="11476" status="PASS">
          <reporter-output>
          </reporter-output>
        </test-method> <!-- OpenFacebookWindow -->
        <test-method signature="VerifyMessenger()[pri:0, instance:Test.TestNGMessenger@35d019a3]" started-at="2022-09-28T13:06:54 IST" name="VerifyMessenger" finished-at="2022-09-28T13:07:10 IST" duration-ms="15935" status="PASS">
          <reporter-output>
          </reporter-output>
        </test-method> <!-- VerifyMessenger -->
        <test-method is-config="true" signature="LogoutFromcurrentAcc(org.testng.ITestResult)[pri:0, instance:Test.TestNGMessenger@35d019a3]" started-at="2022-09-28T13:07:10 IST" name="LogoutFromcurrentAcc" finished-at="2022-09-28T13:07:14 IST" duration-ms="3445" status="PASS">
          <params>
            <param index="0">
              <value>
                <![CDATA[[TestResult name=VerifyMessenger status=SUCCESS method=TestNGMessenger.VerifyMessenger()[pri:0, instance:Test.TestNGMessenger@35d019a3] output={null}]]]>
              </value>
            </param>
          </params>
          <reporter-output>
          </reporter-output>
        </test-method> <!-- LogoutFromcurrentAcc -->
        <test-method is-config="true" signature="removePOMObjectsFB()[pri:0, instance:Test.TestNGMessenger@35d019a3]" started-at="2022-09-28T13:07:14 IST" name="removePOMObjectsFB" finished-at="2022-09-28T13:07:14 IST" duration-ms="0" status="PASS">
          <reporter-output>
          </reporter-output>
        </test-method> <!-- removePOMObjectsFB -->
        <test-method is-config="true" signature="ExitFromBrowser()[pri:0, instance:Test.TestNGMessenger@35d019a3]" started-at="2022-09-28T13:08:15 IST" name="ExitFromBrowser" finished-at="2022-09-28T13:08:18 IST" duration-ms="2485" status="PASS">
          <reporter-output>
          </reporter-output>
        </test-method> <!-- ExitFromBrowser -->
        <test-method is-config="true" signature="aftersuit2()[pri:0, instance:Test.TestNGMessenger@35d019a3]" started-at="2022-09-28T13:08:18 IST" name="aftersuit2" finished-at="2022-09-28T13:08:18 IST" duration-ms="1" status="PASS">
          <reporter-output>
          </reporter-output>
        </test-method> <!-- aftersuit2 -->
      </class> <!-- Test.TestNGMessenger -->
      <class name="Test.TestNGTest1">
        <test-method is-config="true" signature="beforesuit1()[pri:0, instance:Test.TestNGTest1@689604d9]" started-at="2022-09-28T13:06:37 IST" name="beforesuit1" finished-at="2022-09-28T13:06:37 IST" duration-ms="0" status="PASS">
          <reporter-output>
          </reporter-output>
        </test-method> <!-- beforesuit1 -->
        <test-method is-config="true" signature="LaunchBrowser(java.lang.String)[pri:0, instance:Test.TestNGTest1@689604d9]" started-at="2022-09-28T13:06:40 IST" name="LaunchBrowser" finished-at="2022-09-28T13:06:43 IST" duration-ms="2714" status="PASS">
          <params>
            <param index="0">
              <value>
                <![CDATA[Edge]]>
              </value>
            </param>
          </params>
          <reporter-output>
          </reporter-output>
        </test-method> <!-- LaunchBrowser -->
        <test-method is-config="true" signature="CreatePOMObjects()[pri:0, instance:Test.TestNGTest1@689604d9]" started-at="2022-09-28T13:07:14 IST" name="CreatePOMObjects" finished-at="2022-09-28T13:07:14 IST" duration-ms="4" status="PASS">
          <reporter-output>
          </reporter-output>
        </test-method> <!-- CreatePOMObjects -->
        <test-method is-config="true" signature="EnterInFacebook()[pri:0, instance:Test.TestNGTest1@689604d9]" started-at="2022-09-28T13:07:14 IST" name="EnterInFacebook" finished-at="2022-09-28T13:07:43 IST" duration-ms="29495" status="PASS">
          <reporter-output>
          </reporter-output>
        </test-method> <!-- EnterInFacebook -->
        <test-method signature="VerifyMessageButtonActivity()[pri:0, instance:Test.TestNGTest1@689604d9]" started-at="2022-09-28T13:07:43 IST" name="VerifyMessageButtonActivity" finished-at="2022-09-28T13:07:44 IST" duration-ms="633" status="PASS">
          <reporter-output>
          </reporter-output>
        </test-method> <!-- VerifyMessageButtonActivity -->
        <test-method is-config="true" signature="LogoutFromAcc(org.testng.ITestResult)[pri:0, instance:Test.TestNGTest1@689604d9]" started-at="2022-09-28T13:07:44 IST" name="LogoutFromAcc" finished-at="2022-09-28T13:07:47 IST" duration-ms="2921" status="PASS">
          <params>
            <param index="0">
              <value>
                <![CDATA[[TestResult name=VerifyMessageButtonActivity status=SUCCESS method=TestNGTest1.VerifyMessageButtonActivity()[pri:0, instance:Test.TestNGTest1@689604d9] output={null}]]]>
              </value>
            </param>
          </params>
          <reporter-output>
          </reporter-output>
        </test-method> <!-- LogoutFromAcc -->
        <test-method is-config="true" signature="EnterInFacebook()[pri:0, instance:Test.TestNGTest1@689604d9]" started-at="2022-09-28T13:07:47 IST" name="EnterInFacebook" finished-at="2022-09-28T13:08:13 IST" duration-ms="26175" status="PASS">
          <reporter-output>
          </reporter-output>
        </test-method> <!-- EnterInFacebook -->
        <test-method signature="VerifyUnfrienButtonActivity()[pri:0, instance:Test.TestNGTest1@689604d9]" started-at="2022-09-28T13:08:13 IST" name="VerifyUnfrienButtonActivity" finished-at="2022-09-28T13:08:14 IST" duration-ms="541" status="PASS">
          <reporter-output>
          </reporter-output>
        </test-method> <!-- VerifyUnfrienButtonActivity -->
        <test-method is-config="true" signature="LogoutFromAcc(org.testng.ITestResult)[pri:0, instance:Test.TestNGTest1@689604d9]" started-at="2022-09-28T13:08:14 IST" name="LogoutFromAcc" finished-at="2022-09-28T13:08:15 IST" duration-ms="1655" status="PASS">
          <params>
            <param index="0">
              <value>
                <![CDATA[[TestResult name=VerifyUnfrienButtonActivity status=SUCCESS method=TestNGTest1.VerifyUnfrienButtonActivity()[pri:0, instance:Test.TestNGTest1@689604d9] output={null}]]]>
              </value>
            </param>
          </params>
          <reporter-output>
          </reporter-output>
        </test-method> <!-- LogoutFromAcc -->
        <test-method is-config="true" signature="removePOMObjects()[pri:0, instance:Test.TestNGTest1@689604d9]" started-at="2022-09-28T13:08:15 IST" name="removePOMObjects" finished-at="2022-09-28T13:08:15 IST" duration-ms="0" status="PASS">
          <reporter-output>
          </reporter-output>
        </test-method> <!-- removePOMObjects -->
        <test-method is-config="true" signature="ExitFromBrowser()[pri:0, instance:Test.TestNGTest1@689604d9]" started-at="2022-09-28T13:08:18 IST" name="ExitFromBrowser" finished-at="2022-09-28T13:08:18 IST" duration-ms="142" status="PASS">
          <reporter-output>
          </reporter-output>
        </test-method> <!-- ExitFromBrowser -->
        <test-method is-config="true" signature="aftersuit1()[pri:0, instance:Test.TestNGTest1@689604d9]" started-at="2022-09-28T13:08:18 IST" name="aftersuit1" finished-at="2022-09-28T13:08:18 IST" duration-ms="1" status="PASS">
          <reporter-output>
          </reporter-output>
        </test-method> <!-- aftersuit1 -->
      </class> <!-- Test.TestNGTest1 -->
    </test> <!-- EdgeTest1 -->
  </suite> <!-- Suite5731 -->
</testng-results>
